# JRE version: Java(TM) SE Runtime Environment (8.0_144-b01) (build 1.8.0_144-b01)
# Java VM: Java HotSpot(TM) 64-Bit Server VM (25.144-b01 mixed mode windows-amd64 compressed oops)
Heap:
 PSYoungGen      total 493568K, used 493484K [0x00000000d5e00000, 0x0000000100000000, 0x0000000100000000)
  eden space 377856K, 100% used [0x00000000d5e00000,0x00000000ecf00000,0x00000000ecf00000)
  from space 115712K, 99% used [0x00000000ecf00000,0x00000000f3feb0f0,0x00000000f4000000)
  to   space 162816K, 7% used [0x00000000f6100000,0x00000000f6c44518,0x0000000100000000)
 ParOldGen       total 1380352K, used 1380351K [0x0000000081a00000, 0x00000000d5e00000, 0x00000000d5e00000)
  object space 1380352K, 99% used [0x0000000081a00000,0x00000000d5dffff8,0x00000000d5e00000)
 Metaspace       used 3760K, capacity 4602K, committed 4864K, reserved 1056768K
  class space    used 393K, capacity 426K, committed 512K, reserved 1048576K
GC Heap History (10 events):
Event: 2802.338 GC heap after
Heap after GC invocations=11788 (full 176):
 PSYoungGen      total 541184K, used 104708K [0x00000000d5e00000, 0x0000000100000000, 0x0000000100000000)
  eden space 436224K, 0% used [0x00000000d5e00000,0x00000000d5e00000,0x00000000f0800000)
  from space 104960K, 99% used [0x00000000f0800000,0x00000000f6e41298,0x00000000f6e80000)
  to   space 136192K, 0% used [0x00000000f7b00000,0x00000000f7b00000,0x0000000100000000)
 ParOldGen       total 1380352K, used 1276426K [0x0000000081a00000, 0x00000000d5e00000, 0x00000000d5e00000)
  object space 1380352K, 92% used [0x0000000081a00000,0x00000000cf882bb8,0x00000000d5e00000)
 Metaspace       used 3760K, capacity 4602K, committed 4864K, reserved 1056768K
  class space    used 393K, capacity 426K, committed 512K, reserved 1048576K
}
Event: 2802.519 GC heap before
{Heap before GC invocations=11789 (full 176):
 PSYoungGen      total 541184K, used 540932K [0x00000000d5e00000, 0x0000000100000000, 0x0000000100000000)
  eden space 436224K, 100% used [0x00000000d5e00000,0x00000000f0800000,0x00000000f0800000)
  from space 104960K, 99% used [0x00000000f0800000,0x00000000f6e41298,0x00000000f6e80000)
  to   space 136192K, 0% used [0x00000000f7b00000,0x00000000f7b00000,0x0000000100000000)
 ParOldGen       total 1380352K, used 1276426K [0x0000000081a00000, 0x00000000d5e00000, 0x00000000d5e00000)
  object space 1380352K, 92% used [0x0000000081a00000,0x00000000cf882bb8,0x00000000d5e00000)
 Metaspace       used 3760K, capacity 4602K, committed 4864K, reserved 1056768K
  class space    used 393K, capacity 426K, committed 512K, reserved 1048576K
Event: 2802.568 GC heap after
Heap after GC invocations=11789 (full 176):
 PSYoungGen      total 559616K, used 58010K [0x00000000d5e00000, 0x0000000100000000, 0x0000000100000000)
  eden space 423424K, 0% used [0x00000000d5e00000,0x00000000d5e00000,0x00000000efb80000)
  from space 136192K, 42% used [0x00000000f7b00000,0x00000000fb3a6bd8,0x0000000100000000)
  to   space 130560K, 0% used [0x00000000efb80000,0x00000000efb80000,0x00000000f7b00000)
 ParOldGen       total 1380352K, used 1302636K [0x0000000081a00000, 0x00000000d5e00000, 0x00000000d5e00000)
  object space 1380352K, 94% used [0x0000000081a00000,0x00000000d121b0d0,0x00000000d5e00000)
 Metaspace       used 3760K, capacity 4602K, committed 4864K, reserved 1056768K
  class space    used 393K, capacity 426K, committed 512K, reserved 1048576K
}
Event: 2802.745 GC heap before
{Heap before GC invocations=11790 (full 176):
 PSYoungGen      total 559616K, used 481434K [0x00000000d5e00000, 0x0000000100000000, 0x0000000100000000)
  eden space 423424K, 100% used [0x00000000d5e00000,0x00000000efb80000,0x00000000efb80000)
  from space 136192K, 42% used [0x00000000f7b00000,0x00000000fb3a6bd8,0x0000000100000000)
  to   space 130560K, 0% used [0x00000000efb80000,0x00000000efb80000,0x00000000f7b00000)
 ParOldGen       total 1380352K, used 1302636K [0x0000000081a00000, 0x00000000d5e00000, 0x00000000d5e00000)
  object space 1380352K, 94% used [0x0000000081a00000,0x00000000d121b0d0,0x00000000d5e00000)
 Metaspace       used 3760K, capacity 4602K, committed 4864K, reserved 1056768K
  class space    used 393K, capacity 426K, committed 512K, reserved 1048576K
Event: 2802.823 GC heap after
Heap after GC invocations=11790 (full 176):
 PSYoungGen      total 553984K, used 130542K [0x00000000d5e00000, 0x0000000100000000, 0x0000000100000000)
  eden space 423424K, 0% used [0x00000000d5e00000,0x00000000d5e00000,0x00000000efb80000)
  from space 130560K, 99% used [0x00000000efb80000,0x00000000f7afb958,0x00000000f7b00000)
  to   space 136192K, 0% used [0x00000000f7b00000,0x00000000f7b00000,0x0000000100000000)
 ParOldGen       total 1380352K, used 1317676K [0x0000000081a00000, 0x00000000d5e00000, 0x00000000d5e00000)
  object space 1380352K, 95% used [0x0000000081a00000,0x00000000d20cb278,0x00000000d5e00000)
 Metaspace       used 3760K, capacity 4602K, committed 4864K, reserved 1056768K
  class space    used 393K, capacity 426K, committed 512K, reserved 1048576K
}
Event: 2803.016 GC heap before
{Heap before GC invocations=11791 (full 176):
 PSYoungGen      total 553984K, used 553966K [0x00000000d5e00000, 0x0000000100000000, 0x0000000100000000)
  eden space 423424K, 100% used [0x00000000d5e00000,0x00000000efb80000,0x00000000efb80000)
  from space 130560K, 99% used [0x00000000efb80000,0x00000000f7afb958,0x00000000f7b00000)
  to   space 136192K, 0% used [0x00000000f7b00000,0x00000000f7b00000,0x0000000100000000)
 ParOldGen       total 1380352K, used 1317676K [0x0000000081a00000, 0x00000000d5e00000, 0x00000000d5e00000)
  object space 1380352K, 95% used [0x0000000081a00000,0x00000000d20cb278,0x00000000d5e00000)
 Metaspace       used 3760K, capacity 4602K, committed 4864K, reserved 1056768K
  class space    used 393K, capacity 426K, committed 512K, reserved 1048576K
Event: 2803.070 GC heap after
Heap after GC invocations=11791 (full 176):
 PSYoungGen      total 514048K, used 102220K [0x00000000d5e00000, 0x0000000100000000, 0x0000000100000000)
  eden space 377856K, 0% used [0x00000000d5e00000,0x00000000d5e00000,0x00000000ecf00000)
  from space 136192K, 75% used [0x00000000f7b00000,0x00000000fded30f0,0x0000000100000000)
  to   space 156160K, 0% used [0x00000000ecf00000,0x00000000ecf00000,0x00000000f6780000)
 ParOldGen       total 1380352K, used 1317724K [0x0000000081a00000, 0x00000000d5e00000, 0x00000000d5e00000)
  object space 1380352K, 95% used [0x0000000081a00000,0x00000000d20d7278,0x00000000d5e00000)
 Metaspace       used 3760K, capacity 4602K, committed 4864K, reserved 1056768K
  class space    used 393K, capacity 426K, committed 512K, reserved 1048576K
}
Event: 2803.244 GC heap before
{Heap before GC invocations=11792 (full 176):
 PSYoungGen      total 514048K, used 480076K [0x00000000d5e00000, 0x0000000100000000, 0x0000000100000000)
  eden space 377856K, 100% used [0x00000000d5e00000,0x00000000ecf00000,0x00000000ecf00000)
  from space 136192K, 75% used [0x00000000f7b00000,0x00000000fded30f0,0x0000000100000000)
  to   space 156160K, 0% used [0x00000000ecf00000,0x00000000ecf00000,0x00000000f6780000)
 ParOldGen       total 1380352K, used 1317724K [0x0000000081a00000, 0x00000000d5e00000, 0x00000000d5e00000)
  object space 1380352K, 95% used [0x0000000081a00000,0x00000000d20d7278,0x00000000d5e00000)
 Metaspace       used 3760K, capacity 4602K, committed 4864K, reserved 1056768K
  class space    used 393K, capacity 426K, committed 512K, reserved 1048576K
Event: 2803.310 GC heap after
Heap after GC invocations=11792 (full 176):
 PSYoungGen      total 493568K, used 115628K [0x00000000d5e00000, 0x0000000100000000, 0x0000000100000000)
  eden space 377856K, 0% used [0x00000000d5e00000,0x00000000d5e00000,0x00000000ecf00000)
  from space 115712K, 99% used [0x00000000ecf00000,0x00000000f3feb0f0,0x00000000f4000000)
  to   space 162816K, 0% used [0x00000000f6100000,0x00000000f6100000,0x0000000100000000)
 ParOldGen       total 1380352K, used 1317756K [0x0000000081a00000, 0x00000000d5e00000, 0x00000000d5e00000)
  object space 1380352K, 95% used [0x0000000081a00000,0x00000000d20df278,0x00000000d5e00000)
 Metaspace       used 3760K, capacity 4602K, committed 4864K, reserved 1056768K
  class space    used 393K, capacity 426K, committed 512K, reserved 1048576K
}
Event: 2803.582 GC heap before
{Heap before GC invocations=11793 (full 176):
 PSYoungGen      total 493568K, used 493484K [0x00000000d5e00000, 0x0000000100000000, 0x0000000100000000)
  eden space 377856K, 100% used [0x00000000d5e00000,0x00000000ecf00000,0x00000000ecf00000)
  from space 115712K, 99% used [0x00000000ecf00000,0x00000000f3feb0f0,0x00000000f4000000)
  to   space 162816K, 0% used [0x00000000f6100000,0x00000000f6100000,0x0000000100000000)
 ParOldGen       total 1380352K, used 1317756K [0x0000000081a00000, 0x00000000d5e00000, 0x00000000d5e00000)
  object space 1380352K, 95% used [0x0000000081a00000,0x00000000d20df278,0x00000000d5e00000)
 Metaspace       used 3760K, capacity 4602K, committed 4864K, reserved 1056768K
  class space    used 393K, capacity 426K, committed 512K, reserved 1048576K

